<?xml version="1.0" encoding="UTF-8"?>
<testsuite name="CodeQualityTests" tests="1" skipped="0" failures="1" errors="0" timestamp="2022-10-06T09:28:32" hostname="LAPTOP-0OC159EC" time="3.339">
  <properties/>
  <testcase name="codeQuality()" classname="CodeQualityTests" time="3.339">
    <failure message="java.lang.NullPointerException: Cannot invoke &quot;org.w3c.dom.Node.getTextContent()&quot; because the return value of &quot;org.w3c.dom.NamedNodeMap.getNamedItem(String)&quot; is null" type="java.lang.NullPointerException">java.lang.NullPointerException: Cannot invoke &quot;org.w3c.dom.Node.getTextContent()&quot; because the return value of &quot;org.w3c.dom.NamedNodeMap.getNamedItem(String)&quot; is null
	at CodeQualityTests.findBugsTest(CodeQualityTests.java:157)
	at CodeQualityTests.codeQuality(CodeQualityTests.java:63)
	at java.base/jdk.internal.reflect.NativeMethodAccessorImpl.invoke0(Native Method)
	at java.base/jdk.internal.reflect.NativeMethodAccessorImpl.invoke(NativeMethodAccessorImpl.java:77)
	at java.base/jdk.internal.reflect.DelegatingMethodAccessorImpl.invoke(DelegatingMethodAccessorImpl.java:43)
	at java.base/java.lang.reflect.Method.invoke(Method.java:568)
	at org.junit.platform.commons.util.ReflectionUtils.invokeMethod(ReflectionUtils.java:688)
	at org.junit.jupiter.engine.execution.MethodInvocation.proceed(MethodInvocation.java:60)
	at org.junit.jupiter.engine.execution.InvocationInterceptorChain$ValidatingInvocation.proceed(InvocationInterceptorChain.java:131)
	at org.junit.jupiter.engine.extension.TimeoutExtension.intercept(TimeoutExtension.java:149)
	at org.junit.jupiter.engine.extension.TimeoutExtension.interceptTestableMethod(TimeoutExtension.java:140)
	at org.junit.jupiter.engine.extension.TimeoutExtension.interceptTestMethod(TimeoutExtension.java:84)
	at org.junit.jupiter.engine.execution.ExecutableInvoker$ReflectiveInterceptorCall.lambda$ofVoidMethod$0(ExecutableInvoker.java:115)
	at org.junit.jupiter.engine.execution.ExecutableInvoker.lambda$invoke$0(ExecutableInvoker.java:105)
	at org.junit.jupiter.engine.execution.InvocationInterceptorChain$InterceptedInvocation.proceed(InvocationInterceptorChain.java:106)
	at org.junit.jupiter.engine.execution.InvocationInterceptorChain.proceed(InvocationInterceptorChain.java:64)
	at org.junit.jupiter.engine.execution.InvocationInterceptorChain.chainAndInvoke(InvocationInterceptorChain.java:45)
	at org.junit.jupiter.engine.execution.InvocationInterceptorChain.invoke(InvocationInterceptorChain.java:37)
	at org.junit.jupiter.engine.execution.ExecutableInvoker.invoke(ExecutableInvoker.java:104)
	at org.junit.jupiter.engine.execution.ExecutableInvoker.invoke(ExecutableInvoker.java:98)
	at org.junit.jupiter.engine.descriptor.TestMethodTestDescriptor.lambda$invokeTestMethod$6(TestMethodTestDescriptor.java:210)
	at org.junit.platform.engine.support.hierarchical.ThrowableCollector.execute(ThrowableCollector.java:73)
	at org.junit.jupiter.engine.descriptor.TestMethodTestDescriptor.invokeTestMethod(TestMethodTestDescriptor.java:206)
	at org.junit.jupiter.engine.descriptor.TestMethodTestDescriptor.execute(TestMethodTestDescriptor.java:131)
	at org.junit.jupiter.engine.descriptor.TestMethodTestDescriptor.execute(TestMethodTestDescriptor.java:65)
	at org.junit.platform.engine.support.hierarchical.NodeTestTask.lambda$executeRecursively$5(NodeTestTask.java:139)
	at org.junit.platform.engine.support.hierarchical.ThrowableCollector.execute(ThrowableCollector.java:73)
	at org.junit.platform.engine.support.hierarchical.NodeTestTask.lambda$executeRecursively$7(NodeTestTask.java:129)
	at org.junit.platform.engine.support.hierarchical.Node.around(Node.java:137)
	at org.junit.platform.engine.support.hierarchical.NodeTestTask.lambda$executeRecursively$8(NodeTestTask.java:127)
	at org.junit.platform.engine.support.hierarchical.ThrowableCollector.execute(ThrowableCollector.java:73)
	at org.junit.platform.engine.support.hierarchical.NodeTestTask.executeRecursively(NodeTestTask.java:126)
	at org.junit.platform.engine.support.hierarchical.NodeTestTask.execute(NodeTestTask.java:84)
	at java.base/java.util.ArrayList.forEach(ArrayList.java:1511)
	at org.junit.platform.engine.support.hierarchical.SameThreadHierarchicalTestExecutorService.invokeAll(SameThreadHierarchicalTestExecutorService.java:38)
	at org.junit.platform.engine.support.hierarchical.NodeTestTask.lambda$executeRecursively$5(NodeTestTask.java:143)
	at org.junit.platform.engine.support.hierarchical.ThrowableCollector.execute(ThrowableCollector.java:73)
	at org.junit.platform.engine.support.hierarchical.NodeTestTask.lambda$executeRecursively$7(NodeTestTask.java:129)
	at org.junit.platform.engine.support.hierarchical.Node.around(Node.java:137)
	at org.junit.platform.engine.support.hierarchical.NodeTestTask.lambda$executeRecursively$8(NodeTestTask.java:127)
	at org.junit.platform.engine.support.hierarchical.ThrowableCollector.execute(ThrowableCollector.java:73)
	at org.junit.platform.engine.support.hierarchical.NodeTestTask.executeRecursively(NodeTestTask.java:126)
	at org.junit.platform.engine.support.hierarchical.NodeTestTask.execute(NodeTestTask.java:84)
	at java.base/java.util.ArrayList.forEach(ArrayList.java:1511)
	at org.junit.platform.engine.support.hierarchical.SameThreadHierarchicalTestExecutorService.invokeAll(SameThreadHierarchicalTestExecutorService.java:38)
	at org.junit.platform.engine.support.hierarchical.NodeTestTask.lambda$executeRecursively$5(NodeTestTask.java:143)
	at org.junit.platform.engine.support.hierarchical.ThrowableCollector.execute(ThrowableCollector.java:73)
	at org.junit.platform.engine.support.hierarchical.NodeTestTask.lambda$executeRecursively$7(NodeTestTask.java:129)
	at org.junit.platform.engine.support.hierarchical.Node.around(Node.java:137)
	at org.junit.platform.engine.support.hierarchical.NodeTestTask.lambda$executeRecursively$8(NodeTestTask.java:127)
	at org.junit.platform.engine.support.hierarchical.ThrowableCollector.execute(ThrowableCollector.java:73)
	at org.junit.platform.engine.support.hierarchical.NodeTestTask.executeRecursively(NodeTestTask.java:126)
	at org.junit.platform.engine.support.hierarchical.NodeTestTask.execute(NodeTestTask.java:84)
	at org.junit.platform.engine.support.hierarchical.SameThreadHierarchicalTestExecutorService.submit(SameThreadHierarchicalTestExecutorService.java:32)
	at org.junit.platform.engine.support.hierarchical.HierarchicalTestExecutor.execute(HierarchicalTestExecutor.java:57)
	at org.junit.platform.engine.support.hierarchical.HierarchicalTestEngine.execute(HierarchicalTestEngine.java:51)
	at org.junit.platform.launcher.core.EngineExecutionOrchestrator.execute(EngineExecutionOrchestrator.java:107)
	at org.junit.platform.launcher.core.EngineExecutionOrchestrator.execute(EngineExecutionOrchestrator.java:88)
	at org.junit.platform.launcher.core.EngineExecutionOrchestrator.lambda$execute$0(EngineExecutionOrchestrator.java:54)
	at org.junit.platform.launcher.core.EngineExecutionOrchestrator.withInterceptedStreams(EngineExecutionOrchestrator.java:67)
	at org.junit.platform.launcher.core.EngineExecutionOrchestrator.execute(EngineExecutionOrchestrator.java:52)
	at org.junit.platform.launcher.core.DefaultLauncher.execute(DefaultLauncher.java:114)
	at org.junit.platform.launcher.core.DefaultLauncher.execute(DefaultLauncher.java:86)
	at org.junit.platform.launcher.core.DefaultLauncherSession$DelegatingLauncher.execute(DefaultLauncherSession.java:86)
	at org.junit.platform.launcher.core.SessionPerRequestLauncher.execute(SessionPerRequestLauncher.java:53)
	at org.gradle.api.internal.tasks.testing.junitplatform.JUnitPlatformTestClassProcessor$CollectAllTestClassesExecutor.processAllTestClasses(JUnitPlatformTestClassProcessor.java:99)
	at org.gradle.api.internal.tasks.testing.junitplatform.JUnitPlatformTestClassProcessor$CollectAllTestClassesExecutor.access$000(JUnitPlatformTestClassProcessor.java:79)
	at org.gradle.api.internal.tasks.testing.junitplatform.JUnitPlatformTestClassProcessor.stop(JUnitPlatformTestClassProcessor.java:75)
	at org.gradle.api.internal.tasks.testing.SuiteTestClassProcessor.stop(SuiteTestClassProcessor.java:61)
	at java.base/jdk.internal.reflect.NativeMethodAccessorImpl.invoke0(Native Method)
	at java.base/jdk.internal.reflect.NativeMethodAccessorImpl.invoke(NativeMethodAccessorImpl.java:77)
	at java.base/jdk.internal.reflect.DelegatingMethodAccessorImpl.invoke(DelegatingMethodAccessorImpl.java:43)
	at java.base/java.lang.reflect.Method.invoke(Method.java:568)
	at org.gradle.internal.dispatch.ReflectionDispatch.dispatch(ReflectionDispatch.java:36)
	at org.gradle.internal.dispatch.ReflectionDispatch.dispatch(ReflectionDispatch.java:24)
	at org.gradle.internal.dispatch.ContextClassLoaderDispatch.dispatch(ContextClassLoaderDispatch.java:33)
	at org.gradle.internal.dispatch.ProxyDispatchAdapter$DispatchingInvocationHandler.invoke(ProxyDispatchAdapter.java:94)
	at jdk.proxy1/jdk.proxy1.$Proxy2.stop(Unknown Source)
	at org.gradle.api.internal.tasks.testing.worker.TestWorker$3.run(TestWorker.java:193)
	at org.gradle.api.internal.tasks.testing.worker.TestWorker.executeAndMaintainThreadName(TestWorker.java:129)
	at org.gradle.api.internal.tasks.testing.worker.TestWorker.execute(TestWorker.java:100)
	at org.gradle.api.internal.tasks.testing.worker.TestWorker.execute(TestWorker.java:60)
	at org.gradle.process.internal.worker.child.ActionExecutionWorker.execute(ActionExecutionWorker.java:56)
	at org.gradle.process.internal.worker.child.SystemApplicationClassLoaderWorker.call(SystemApplicationClassLoaderWorker.java:133)
	at org.gradle.process.internal.worker.child.SystemApplicationClassLoaderWorker.call(SystemApplicationClassLoaderWorker.java:71)
	at worker.org.gradle.process.internal.worker.GradleWorkerMain.run(GradleWorkerMain.java:69)
	at worker.org.gradle.process.internal.worker.GradleWorkerMain.main(GradleWorkerMain.java:74)
</failure>
  </testcase>
  <system-out><![CDATA[2 CheckStyle Issues in C:/Users/Ellinor/Documents/1dv607/assignments/a2/app/src/main/java/App.java
text:line: 4 column: column:1 
Missing a Javadoc comment.

text:line: 5 column: column:3 
Missing a Javadoc comment.

3 CheckStyle Issues in C:/Users/Ellinor/Documents/1dv607/assignments/a2/app/src/main/java/controller/User.java
text:line: 15 column: column:1 
Missing a Javadoc comment.

text:line: 21 column: column:3 
Missing a Javadoc comment.

text:line: 28 column: column:3 
Missing a Javadoc comment.

4 CheckStyle Issues in C:/Users/Ellinor/Documents/1dv607/assignments/a2/app/src/main/java/model/Contract.java
text:line: 3 column: column:1 
Missing a Javadoc comment.

text:line: 8 column: column:3 
Missing a Javadoc comment.

text:line: 23 column: 
Line is longer than 120 characters (found 125).

text:line: 46 column: column:3 
Missing a Javadoc comment.

1 CheckStyle Issues in C:/Users/Ellinor/Documents/1dv607/assignments/a2/app/src/main/java/model/Day.java
text:line: 3 column: column:1 
Missing a Javadoc comment.

1 CheckStyle Issues in C:/Users/Ellinor/Documents/1dv607/assignments/a2/app/src/main/java/model/DayCounter.java
text:line: 3 column: column:1 
Missing a Javadoc comment.

1 CheckStyle Issues in C:/Users/Ellinor/Documents/1dv607/assignments/a2/app/src/main/java/model/IdGenerator.java
text:line: 5 column: column:1 
Missing a Javadoc comment.

4 CheckStyle Issues in C:/Users/Ellinor/Documents/1dv607/assignments/a2/app/src/main/java/model/Interval.java
text:line: 5 column: column:1 
Missing a Javadoc comment.

text:line: 10 column: column:3 
Missing a Javadoc comment.

text:line: 50 column: column:3 
Missing a Javadoc comment.

text:line: 62 column: column:3 
Missing a Javadoc comment.

10 CheckStyle Issues in C:/Users/Ellinor/Documents/1dv607/assignments/a2/app/src/main/java/model/Item.java
text:line: 5 column: column:1 
Missing a Javadoc comment.

text:line: 14 column: column:3 
Missing a Javadoc comment.

text:line: 27 column: column:3 
Missing a Javadoc comment.

text:line: 38 column: column:3 
Missing a Javadoc comment.

text:line: 60 column: column:3 
Missing a Javadoc comment.

text:line: 71 column: column:3 
Missing a Javadoc comment.

text:line: 87 column: column:3 
Missing a Javadoc comment.

text:line: 116 column: column:3 
Missing a Javadoc comment.

text:line: 126 column: column:3 
Missing a Javadoc comment.

text:line: 136 column: column:3 
Missing a Javadoc comment.

6 CheckStyle Issues in C:/Users/Ellinor/Documents/1dv607/assignments/a2/app/src/main/java/model/Member.java
text:line: 6 column: column:1 
Missing a Javadoc comment.

text:line: 18 column: column:3 
Missing a Javadoc comment.

text:line: 28 column: column:3 
Missing a Javadoc comment.

text:line: 32 column: 
Line is longer than 120 characters (found 127).

text:line: 87 column: column:3 
Missing a Javadoc comment.

text:line: 102 column: column:3 
Missing a Javadoc comment.

1 CheckStyle Issues in C:/Users/Ellinor/Documents/1dv607/assignments/a2/app/src/main/java/model/persistence/IfPersistence.java
text:line: 6 column: column:1 
Missing a Javadoc comment.

1 CheckStyle Issues in C:/Users/Ellinor/Documents/1dv607/assignments/a2/app/src/main/java/model/persistence/Persistence.java
text:line: 7 column: column:1 
Missing a Javadoc comment.

7 CheckStyle Issues in C:/Users/Ellinor/Documents/1dv607/assignments/a2/app/src/main/java/model/Registry.java
text:line: 5 column: column:1 
Missing a Javadoc comment.

text:line: 15 column: column:3 
Missing a Javadoc comment.

text:line: 33 column: column:3 
Missing a Javadoc comment.

text:line: 49 column: 
Line is longer than 120 characters (found 125).

text:line: 52 column: column:3 
Missing a Javadoc comment.

text:line: 95 column: column:3 
Missing a Javadoc comment.

text:line: 104 column: column:3 
Missing a Javadoc comment.

1 CheckStyle Issues in C:/Users/Ellinor/Documents/1dv607/assignments/a2/app/src/main/java/model/Type.java
text:line: 3 column: column:1 
Missing a Javadoc comment.

6 CheckStyle Issues in C:/Users/Ellinor/Documents/1dv607/assignments/a2/app/src/main/java/model/Validator.java
text:line: 5 column: column:1 
Missing a Javadoc comment.

text:line: 14 column: column:3 
Missing a Javadoc comment.

text:line: 21 column: column:3 
Missing a Javadoc comment.

text:line: 28 column: column:3 
Missing a Javadoc comment.

text:line: 41 column: column:3 
Missing a Javadoc comment.

text:line: 47 column: column:3 
Missing a Javadoc comment.

16 CheckStyle Issues in C:/Users/Ellinor/Documents/1dv607/assignments/a2/app/src/main/java/view/Console.java
text:line: 11 column: column:1 
Missing a Javadoc comment.

text:line: 21 column: column:3 
Missing a Javadoc comment.

text:line: 33 column: column:3 
Missing a Javadoc comment.

text:line: 44 column: column:3 
Missing a Javadoc comment.

text:line: 55 column: column:3 
Missing a Javadoc comment.

text:line: 65 column: column:3 
Missing a Javadoc comment.

text:line: 86 column: column:3 
Missing a Javadoc comment.

text:line: 104 column: column:3 
Missing a Javadoc comment.

text:line: 122 column: column:3 
Missing a Javadoc comment.

text:line: 151 column: column:3 
Missing a Javadoc comment.

text:line: 158 column: column:3 
Missing a Javadoc comment.

text:line: 165 column: column:3 
Missing a Javadoc comment.

text:line: 173 column: column:3 
Missing a Javadoc comment.

text:line: 181 column: column:3 
Missing a Javadoc comment.

text:line: 195 column: column:3 
Missing a Javadoc comment.

text:line: 203 column: column:3 
Missing a Javadoc comment.

1 CheckStyle Issues in C:/Users/Ellinor/Documents/1dv607/assignments/a2/app/src/main/java/view/ItemChoice.java
text:line: 3 column: column:1 
Missing a Javadoc comment.

1 CheckStyle Issues in C:/Users/Ellinor/Documents/1dv607/assignments/a2/app/src/main/java/view/MainChoice.java
text:line: 3 column: column:1 
Missing a Javadoc comment.

1 CheckStyle Issues in C:/Users/Ellinor/Documents/1dv607/assignments/a2/app/src/main/java/view/MemberChoice.java
text:line: 3 column: column:1 
Missing a Javadoc comment.

1 CheckStyle Issues in C:/Users/Ellinor/Documents/1dv607/assignments/a2/app/src/main/java/view/UpdateMemberChoice.java
text:line: 3 column: column:1 
Missing a Javadoc comment.

]]></system-out>
  <system-err><![CDATA[[Fatal Error] :7:33: Enhetsnamnet måste omedelbart följas av '&' i enhetsreferensen.
Enhetsnamnet måste omedelbart följas av '&' i enhetsreferensen.
parsing of text failed possibly due to bad html/xml formatting for, start text --->Check for oddness that won't work for negative numbers
    

<p>
The code uses x % 2 == 1 to check to see if a value is odd, but this won't work
for negative numbers (e.g., (-5) % 2 == -1). If this code is intending to check
for oddness, consider using (x &amp; 1) == 1, or x % 2 != 0.
</p><--- end text
[Fatal Error] :8:11: Elementtyp "p" måste avslutas med matchande sluttagg "</p>".
Elementtyp "p" måste avslutas med matchande sluttagg "</p>".
parsing of text failed possibly due to bad html/xml formatting for, start text --->Serializable inner class
    

<p> This Serializable class is an inner class.  Any attempt to serialize
it will also serialize the associated outer instance. The outer instance is serializable,
so this won't fail, but it might serialize a lot more data than intended.
If possible, making the inner class a static inner class (also known as a nested class) should solve the
problem.<--- end text
[Fatal Error] :5:17: Enhetsnamnet måste omedelbart följas av '&' i enhetsreferensen.
Enhetsnamnet måste omedelbart följas av '&' i enhetsreferensen.
parsing of text failed possibly due to bad html/xml formatting for, start text --->Vacuous bit mask operation on integer value
    

<p> This is an integer bit operation (and, or, or exclusive or) that doesn't do any useful work
(e.g., <code>v & 0xffffffff</code>).

</p><--- end text
[Fatal Error] :28:16: Elementtyp "p" måste avslutas med matchande sluttagg "</p>".
Elementtyp "p" måste avslutas med matchande sluttagg "</p>".
parsing of text failed possibly due to bad html/xml formatting for, start text --->NullPointerException caught
    
   
<p>
According to SEI Cert rule <a href="https://wiki.sei.cmu.edu/confluence/display/java/ERR08-J.+Do+not+catch+NullPointerException+or+any+of+its+ancestors">ERR08-J</a> NullPointerException should not be caught. Handling NullPointerException is considered an inferior alternative to null-checking.
<p>
This non-compliant code catches a NullPointerException to see if an incoming parameter is null:
</p>
<pre><code>
boolean hasSpace(String m) {
  try {
    String ms[] = m.split(" ");
    return names.length != 1;
  } catch (NullPointerException e) {
    return false;
  }
}
</code></pre>
<p>
A compliant solution would use a null-check as in the following example:
</p>
<pre><code>
boolean hasSpace(String m) {
    if (m == null) return false;
    String ms[] = m.split(" ");
    return names.length != 1;
}
</code></pre><--- end text
[Fatal Error] :4:67: Enhetsnamnet måste omedelbart följas av '&' i enhetsreferensen.
Enhetsnamnet måste omedelbart följas av '&' i enhetsreferensen.
parsing of text failed possibly due to bad html/xml formatting for, start text --->Potentially dangerous use of non-short-circuit logic
    

  <p> This code seems to be using non-short-circuit logic (e.g., &amp;
or |)
rather than short-circuit logic (&amp;&amp; or ||). In addition,
it seem possible that, depending on the value of the left hand side, you might not
want to evaluate the right hand side (because it would have side effects, could cause an exception
or could be expensive.</p>
<p>
Non-short-circuit logic causes both sides of the expression
to be evaluated even when the result can be inferred from
knowing the left-hand side. This can be less efficient and
can result in errors if the left-hand side guards cases
when evaluating the right-hand side can generate an error.
</p>

<p>See <a href="https://docs.oracle.com/javase/specs/jls/se7/html/jls-15.html#jls-15.22.2">the Java
Language Specification</a> for details.

</p><--- end text
]]></system-err>
</testsuite>
